[0.024s] Invoking command in '/Users/aaditya/ALSTOM/slam_bot/build/my_bot': SHLVL=2 _=/usr/bin/env /opt/homebrew/bin/cmake /Users/aaditya/ALSTOM/slam_bot -DAMENT_CMAKE_SYMLINK_INSTALL=1 -DCMAKE_INSTALL_PREFIX=/Users/aaditya/ALSTOM/slam_bot/install/my_bot
[0.094s] CMake Error at CMakeLists.txt:19 (find_package):
[0.095s]   By not providing "Findament_cmake.cmake" in CMAKE_MODULE_PATH this project
[0.095s]   has asked CMake to find a package configuration file provided by
[0.095s]   "ament_cmake", but CMake did not find one.
[0.095s] 
[0.095s]   Could not find a package configuration file provided by "ament_cmake" with
[0.095s]   any of the following names:
[0.095s] 
[0.095s]     ament_cmakeConfig.cmake
[0.096s]     ament_cmake-config.cmake
[0.096s] 
[0.096s]   Add the installation prefix of "ament_cmake" to CMAKE_PREFIX_PATH or set
[0.096s]   "ament_cmake_DIR" to a directory containing one of the above files.  If
[0.096s]   "ament_cmake" provides a separate development package or SDK, be sure it
[0.096s]   has been installed.
[0.096s] 
[0.096s] 
[0.096s] -- Configuring incomplete, errors occurred!
[0.098s] Invoked command in '/Users/aaditya/ALSTOM/slam_bot/build/my_bot' returned '1': SHLVL=2 _=/usr/bin/env /opt/homebrew/bin/cmake /Users/aaditya/ALSTOM/slam_bot -DAMENT_CMAKE_SYMLINK_INSTALL=1 -DCMAKE_INSTALL_PREFIX=/Users/aaditya/ALSTOM/slam_bot/install/my_bot
