[0.023s] Invoking command in '/Users/aaditya/ALSTOM/slam_bot/build/my_bot': SHLVL=2 _=/usr/bin/env /opt/homebrew/bin/cmake /Users/aaditya/ALSTOM/slam_bot -DAMENT_CMAKE_SYMLINK_INSTALL=1 -DCMAKE_INSTALL_PREFIX=/Users/aaditya/ALSTOM/slam_bot/install/my_bot
[3.556s] -- The C compiler identification is AppleClang 15.0.0.15000309
[3.648s] -- The CXX compiler identification is AppleClang 15.0.0.15000309
[3.661s] -- Detecting C compiler ABI info
[3.869s] -- Detecting C compiler ABI info - done
[3.887s] -- Check for working C compiler: /Library/Developer/CommandLineTools/usr/bin/cc - skipped
[3.887s] -- Detecting C compile features
[3.888s] -- Detecting C compile features - done
[3.895s] -- Detecting CXX compiler ABI info
[4.020s] -- Detecting CXX compiler ABI info - done
[4.038s] -- Check for working CXX compiler: /Library/Developer/CommandLineTools/usr/bin/c++ - skipped
[4.038s] -- Detecting CXX compile features
[4.039s] -- Detecting CXX compile features - done
[4.061s] CMake Error at CMakeLists.txt:19 (find_package):
[4.061s]   By not providing "Findament_cmake.cmake" in CMAKE_MODULE_PATH this project
[4.061s]   has asked CMake to find a package configuration file provided by
[4.061s]   "ament_cmake", but CMake did not find one.
[4.061s] 
[4.061s]   Could not find a package configuration file provided by "ament_cmake" with
[4.061s]   any of the following names:
[4.061s] 
[4.061s]     ament_cmakeConfig.cmake
[4.061s]     ament_cmake-config.cmake
[4.061s] 
[4.061s]   Add the installation prefix of "ament_cmake" to CMAKE_PREFIX_PATH or set
[4.061s]   "ament_cmake_DIR" to a directory containing one of the above files.  If
[4.062s]   "ament_cmake" provides a separate development package or SDK, be sure it
[4.062s]   has been installed.
[4.062s] 
[4.062s] 
[4.062s] -- Configuring incomplete, errors occurred!
[4.064s] Invoked command in '/Users/aaditya/ALSTOM/slam_bot/build/my_bot' returned '1': SHLVL=2 _=/usr/bin/env /opt/homebrew/bin/cmake /Users/aaditya/ALSTOM/slam_bot -DAMENT_CMAKE_SYMLINK_INSTALL=1 -DCMAKE_INSTALL_PREFIX=/Users/aaditya/ALSTOM/slam_bot/install/my_bot
