[0.167s] DEBUG:colcon:Command line arguments: ['/Library/Frameworks/Python.framework/Versions/3.11/bin/colcon', 'build', '--symlink-install']
[0.167s] DEBUG:colcon:Parsed command line arguments: Namespace(log_base=None, log_level=None, verb_name='build', build_base='build', install_base='install', merge_install=False, symlink_install=True, test_result_base=None, continue_on_error=False, executor='parallel', parallel_workers=8, event_handlers=None, ignore_user_meta=False, metas=['./colcon.meta'], base_paths=['.'], packages_ignore=None, packages_ignore_regex=None, paths=None, packages_up_to=None, packages_up_to_regex=None, packages_above=None, packages_above_and_dependencies=None, packages_above_depth=None, packages_select_by_dep=None, packages_skip_by_dep=None, packages_skip_up_to=None, packages_select_build_failed=False, packages_skip_build_finished=False, packages_select_test_failures=False, packages_skip_test_passed=False, packages_select=None, packages_skip=None, packages_select_regex=None, packages_skip_regex=None, packages_start=None, packages_end=None, cmake_args=None, cmake_target=None, cmake_target_skip_unavailable=False, cmake_clean_cache=False, cmake_clean_first=False, cmake_force_configure=False, ament_cmake_args=None, catkin_cmake_args=None, catkin_skip_building_tests=False, verb_parser=<colcon_defaults.argument_parser.defaults.DefaultArgumentsDecorator object at 0x100acc590>, verb_extension=<colcon_core.verb.build.BuildVerb object at 0x101176290>, main=<bound method BuildVerb.main of <colcon_core.verb.build.BuildVerb object at 0x101176290>>)
[0.295s] Level 1:colcon.colcon_core.package_discovery:discover_packages(colcon_meta) check parameters
[0.295s] Level 1:colcon.colcon_core.package_discovery:discover_packages(recursive) check parameters
[0.295s] Level 1:colcon.colcon_core.package_discovery:discover_packages(ignore) check parameters
[0.295s] Level 1:colcon.colcon_core.package_discovery:discover_packages(path) check parameters
[0.295s] Level 1:colcon.colcon_core.package_discovery:discover_packages(colcon_meta) discover
[0.295s] Level 1:colcon.colcon_core.package_discovery:discover_packages(recursive) discover
[0.295s] INFO:colcon.colcon_core.package_discovery:Crawling recursively for packages in '/Users/aaditya/ALSTOM/slam_bot'
[0.296s] Level 1:colcon.colcon_core.package_identification:_identify(.) by extensions ['ignore', 'ignore_ament_install']
[0.296s] Level 1:colcon.colcon_core.package_identification:_identify(.) by extension 'ignore'
[0.296s] Level 1:colcon.colcon_core.package_identification:_identify(.) by extension 'ignore_ament_install'
[0.296s] Level 1:colcon.colcon_core.package_identification:_identify(.) by extensions ['colcon_pkg']
[0.296s] Level 1:colcon.colcon_core.package_identification:_identify(.) by extension 'colcon_pkg'
[0.296s] Level 1:colcon.colcon_core.package_identification:_identify(.) by extensions ['colcon_meta']
[0.296s] Level 1:colcon.colcon_core.package_identification:_identify(.) by extension 'colcon_meta'
[0.296s] Level 1:colcon.colcon_core.package_identification:_identify(.) by extensions ['ros']
[0.296s] Level 1:colcon.colcon_core.package_identification:_identify(.) by extension 'ros'
[0.326s] DEBUG:colcon.colcon_core.package_identification:Package '.' with type 'ros.ament_cmake' and name 'my_bot'
[0.326s] Level 1:colcon.colcon_core.package_discovery:discover_packages(recursive) using defaults
[0.326s] Level 1:colcon.colcon_core.package_discovery:discover_packages(ignore) discover
[0.326s] Level 1:colcon.colcon_core.package_discovery:discover_packages(ignore) using defaults
[0.326s] Level 1:colcon.colcon_core.package_discovery:discover_packages(path) discover
[0.326s] Level 1:colcon.colcon_core.package_discovery:discover_packages(path) using defaults
[0.348s] Level 5:colcon.colcon_core.verb:set package 'my_bot' build argument 'cmake_args' from command line to 'None'
[0.348s] Level 5:colcon.colcon_core.verb:set package 'my_bot' build argument 'cmake_target' from command line to 'None'
[0.348s] Level 5:colcon.colcon_core.verb:set package 'my_bot' build argument 'cmake_target_skip_unavailable' from command line to 'False'
[0.348s] Level 5:colcon.colcon_core.verb:set package 'my_bot' build argument 'cmake_clean_cache' from command line to 'False'
[0.348s] Level 5:colcon.colcon_core.verb:set package 'my_bot' build argument 'cmake_clean_first' from command line to 'False'
[0.348s] Level 5:colcon.colcon_core.verb:set package 'my_bot' build argument 'cmake_force_configure' from command line to 'False'
[0.348s] Level 5:colcon.colcon_core.verb:set package 'my_bot' build argument 'ament_cmake_args' from command line to 'None'
[0.348s] Level 5:colcon.colcon_core.verb:set package 'my_bot' build argument 'catkin_cmake_args' from command line to 'None'
[0.348s] Level 5:colcon.colcon_core.verb:set package 'my_bot' build argument 'catkin_skip_building_tests' from command line to 'False'
[0.348s] DEBUG:colcon.colcon_core.verb:Building package 'my_bot' with the following arguments: {'ament_cmake_args': None, 'build_base': '/Users/aaditya/ALSTOM/slam_bot/build/my_bot', 'catkin_cmake_args': None, 'catkin_skip_building_tests': False, 'cmake_args': None, 'cmake_clean_cache': False, 'cmake_clean_first': False, 'cmake_force_configure': False, 'cmake_target': None, 'cmake_target_skip_unavailable': False, 'install_base': '/Users/aaditya/ALSTOM/slam_bot/install/my_bot', 'merge_install': False, 'path': '/Users/aaditya/ALSTOM/slam_bot', 'symlink_install': True, 'test_result_base': None}
[0.348s] INFO:colcon.colcon_core.executor:Executing jobs using 'parallel' executor
[0.350s] DEBUG:colcon.colcon_parallel_executor.executor.parallel:run_until_complete
[0.350s] INFO:colcon.colcon_ros.task.ament_cmake.build:Building ROS package in '/Users/aaditya/ALSTOM/slam_bot' with build type 'ament_cmake'
[0.350s] INFO:colcon.colcon_cmake.task.cmake.build:Building CMake package in '/Users/aaditya/ALSTOM/slam_bot'
[0.353s] INFO:colcon.colcon_core.plugin_system:Skipping extension 'colcon_core.shell.bat': Not used on non-Windows systems
[0.353s] INFO:colcon.colcon_core.shell:Skip shell extension 'powershell' for command environment: Not usable outside of PowerShell
[0.353s] DEBUG:colcon.colcon_core.shell:Skip shell extension 'dsv' for command environment
[0.374s] DEBUG:colcon.colcon_core.event_handler.log_command:Invoking command in '/Users/aaditya/ALSTOM/slam_bot/build/my_bot': SHLVL=2 _=/usr/bin/env /opt/homebrew/bin/cmake /Users/aaditya/ALSTOM/slam_bot -DAMENT_CMAKE_SYMLINK_INSTALL=1 -DCMAKE_INSTALL_PREFIX=/Users/aaditya/ALSTOM/slam_bot/install/my_bot
[0.448s] DEBUG:colcon.colcon_core.event_handler.log_command:Invoked command in '/Users/aaditya/ALSTOM/slam_bot/build/my_bot' returned '1': SHLVL=2 _=/usr/bin/env /opt/homebrew/bin/cmake /Users/aaditya/ALSTOM/slam_bot -DAMENT_CMAKE_SYMLINK_INSTALL=1 -DCMAKE_INSTALL_PREFIX=/Users/aaditya/ALSTOM/slam_bot/install/my_bot
[0.477s] Level 1:colcon.colcon_core.environment:create_environment_scripts_only(my_bot)
[0.481s] Level 1:colcon.colcon_core.environment:checking '/Users/aaditya/ALSTOM/slam_bot/install/my_bot' for CMake module files
[0.481s] Level 1:colcon.colcon_core.environment:checking '/Users/aaditya/ALSTOM/slam_bot/install/my_bot' for CMake config files
[0.481s] Level 1:colcon.colcon_core.environment:checking '/Users/aaditya/ALSTOM/slam_bot/install/my_bot/lib'
[0.482s] Level 1:colcon.colcon_core.environment:checking '/Users/aaditya/ALSTOM/slam_bot/install/my_bot/bin'
[0.482s] Level 1:colcon.colcon_core.environment:checking '/Users/aaditya/ALSTOM/slam_bot/install/my_bot/lib/pkgconfig/my_bot.pc'
[0.482s] Level 1:colcon.colcon_core.environment:checking '/Users/aaditya/ALSTOM/slam_bot/install/my_bot/lib/python3.11/site-packages'
[0.482s] Level 1:colcon.colcon_core.environment:checking '/Users/aaditya/ALSTOM/slam_bot/install/my_bot/bin'
[0.482s] INFO:colcon.colcon_core.shell:Creating package script '/Users/aaditya/ALSTOM/slam_bot/install/my_bot/share/my_bot/package.ps1'
[0.483s] INFO:colcon.colcon_core.shell:Creating package descriptor '/Users/aaditya/ALSTOM/slam_bot/install/my_bot/share/my_bot/package.dsv'
[0.484s] INFO:colcon.colcon_core.shell:Creating package script '/Users/aaditya/ALSTOM/slam_bot/install/my_bot/share/my_bot/package.sh'
[0.484s] INFO:colcon.colcon_core.shell:Creating package script '/Users/aaditya/ALSTOM/slam_bot/install/my_bot/share/my_bot/package.bash'
[0.485s] INFO:colcon.colcon_core.shell:Creating package script '/Users/aaditya/ALSTOM/slam_bot/install/my_bot/share/my_bot/package.zsh'
[0.485s] Level 1:colcon.colcon_core.environment:create_file_with_runtime_dependencies(/Users/aaditya/ALSTOM/slam_bot/install/my_bot/share/colcon-core/packages/my_bot)
[0.486s] DEBUG:colcon.colcon_parallel_executor.executor.parallel:closing loop
[0.486s] DEBUG:colcon.colcon_parallel_executor.executor.parallel:loop closed
[0.486s] DEBUG:colcon.colcon_parallel_executor.executor.parallel:run_until_complete finished with '1'
[0.486s] DEBUG:colcon.colcon_core.event_reactor:joining thread
[0.488s] INFO:colcon.colcon_core.plugin_system:Skipping extension 'colcon_notification.desktop_notification.notify2': 'notify2' not found
[0.488s] INFO:colcon.colcon_core.plugin_system:Skipping extension 'colcon_notification.desktop_notification.notify_send': Not used on non-Linux systems
[0.488s] INFO:colcon.colcon_core.plugin_system:Skipping extension 'colcon_notification.desktop_notification.win32': Not used on non-Windows systems
[0.488s] INFO:colcon.colcon_notification.desktop_notification:Sending desktop notification using 'terminal_notifier'
[0.547s] DEBUG:colcon.colcon_core.event_reactor:joined thread
[0.548s] INFO:colcon.colcon_core.shell:Creating prefix script '/Users/aaditya/ALSTOM/slam_bot/install/local_setup.ps1'
[0.549s] INFO:colcon.colcon_core.shell:Creating prefix util module '/Users/aaditya/ALSTOM/slam_bot/install/_local_setup_util_ps1.py'
[0.550s] INFO:colcon.colcon_core.shell:Creating prefix chain script '/Users/aaditya/ALSTOM/slam_bot/install/setup.ps1'
[0.551s] INFO:colcon.colcon_core.shell:Creating prefix script '/Users/aaditya/ALSTOM/slam_bot/install/local_setup.sh'
[0.552s] INFO:colcon.colcon_core.shell:Creating prefix util module '/Users/aaditya/ALSTOM/slam_bot/install/_local_setup_util_sh.py'
[0.552s] INFO:colcon.colcon_core.shell:Creating prefix chain script '/Users/aaditya/ALSTOM/slam_bot/install/setup.sh'
[0.553s] INFO:colcon.colcon_core.shell:Creating prefix script '/Users/aaditya/ALSTOM/slam_bot/install/local_setup.bash'
[0.553s] INFO:colcon.colcon_core.shell:Creating prefix chain script '/Users/aaditya/ALSTOM/slam_bot/install/setup.bash'
[0.554s] INFO:colcon.colcon_core.shell:Creating prefix script '/Users/aaditya/ALSTOM/slam_bot/install/local_setup.zsh'
[0.554s] INFO:colcon.colcon_core.shell:Creating prefix chain script '/Users/aaditya/ALSTOM/slam_bot/install/setup.zsh'
