[0.042s] Invoking command in '/Users/aaditya/ALSTOM/slam_bot/build/my_bot': SHLVL=2 _=/usr/bin/env /opt/homebrew/bin/cmake /Users/aaditya/ALSTOM/slam_bot -DAMENT_CMAKE_SYMLINK_INSTALL=1 -DCMAKE_INSTALL_PREFIX=/Users/aaditya/ALSTOM/slam_bot/install/my_bot
[0.157s] -- Found ament_cmake: 0.9.8 (/Users/aaditya/Alstom/slam_bot/ros2-osx/share/ament_cmake/cmake)
[0.174s] CMake Warning (dev) at ros2-osx/share/ament_cmake_core/cmake/core/python.cmake:22 (find_package):
[0.174s]   Policy CMP0148 is not set: The FindPythonInterp and FindPythonLibs modules
[0.174s]   are removed.  Run "cmake --help-policy CMP0148" for policy details.  Use
[0.174s]   the cmake_policy command to set the policy and suppress this warning.
[0.174s] 
[0.174s] Call Stack (most recent call first):
[0.174s]   ros2-osx/share/ament_cmake_core/cmake/core/all.cmake:53 (include)
[0.174s]   ros2-osx/share/ament_cmake_core/cmake/ament_cmake_core-extras.cmake:17 (include)
[0.174s]   ros2-osx/share/ament_cmake_core/cmake/ament_cmake_coreConfig.cmake:41 (include)
[0.174s]   ros2-osx/share/ament_cmake/cmake/ament_cmake_export_dependencies-extras.cmake:15 (find_package)
[0.174s]   ros2-osx/share/ament_cmake/cmake/ament_cmakeConfig.cmake:41 (include)
[0.174s]   CMakeLists.txt:19 (find_package)
[0.174s] This warning is for project developers.  Use -Wno-dev to suppress it.
[0.174s] 
[0.201s] -- Found PythonInterp: /usr/local/bin/python3 (found suitable version "3.11.1", minimum required is "3")
[0.201s] -- Using PYTHON_EXECUTABLE: /usr/local/bin/python3
[0.397s] -- Override CMake install command with custom implementation using symlinks instead of copying resources
[0.497s] -- Found ament_lint_auto: 0.9.6 (/Users/aaditya/Alstom/slam_bot/ros2-osx/share/ament_lint_auto/cmake)
[0.658s] -- Added test 'copyright' to check source files copyright and LICENSE
[2.330s] -- Added test 'cppcheck' to perform static code analysis on C / C++ code
[2.330s] -- Configured cppcheck include dirs: 
[2.330s] -- Configured cppcheck exclude dirs and/or files: 
[3.863s] -- Added test 'cpplint' to check C / C++ code against the Google style
[3.863s] -- Configured cpplint exclude dirs and/or files: 
[4.046s] -- Added test 'flake8' to check Python code syntax and style conventions
[4.411s] -- Added test 'lint_cmake' to check CMake code style
[4.595s] -- Added test 'pep257' to check Python code against some of the style conventions in PEP 257
[6.062s] -- Added test 'uncrustify' to check C / C++ code style
[6.062s] -- Configured uncrustify additional arguments: 
[6.245s] -- Added test 'xmllint' to check XML markup files
[6.250s] -- Configuring done (6.2s)
[6.264s] -- Generating done (0.0s)
[6.267s] -- Build files have been written to: /Users/aaditya/ALSTOM/slam_bot/build/my_bot
[6.269s] Invoked command in '/Users/aaditya/ALSTOM/slam_bot/build/my_bot' returned '0': SHLVL=2 _=/usr/bin/env /opt/homebrew/bin/cmake /Users/aaditya/ALSTOM/slam_bot -DAMENT_CMAKE_SYMLINK_INSTALL=1 -DCMAKE_INSTALL_PREFIX=/Users/aaditya/ALSTOM/slam_bot/install/my_bot
[6.272s] Invoking command in '/Users/aaditya/ALSTOM/slam_bot/build/my_bot': SHLVL=2 _=/usr/bin/env /opt/homebrew/bin/cmake --build /Users/aaditya/ALSTOM/slam_bot/build/my_bot -- -j8 -l8
[6.326s] Invoked command in '/Users/aaditya/ALSTOM/slam_bot/build/my_bot' returned '0': SHLVL=2 _=/usr/bin/env /opt/homebrew/bin/cmake --build /Users/aaditya/ALSTOM/slam_bot/build/my_bot -- -j8 -l8
[6.391s] Invoking command in '/Users/aaditya/ALSTOM/slam_bot/build/my_bot': SHLVL=2 _=/usr/bin/env /opt/homebrew/bin/cmake --install /Users/aaditya/ALSTOM/slam_bot/build/my_bot
[6.396s] -- Install configuration: ""
[6.397s] -- Execute custom install script
[6.397s] -- Symlinking: /Users/aaditya/ALSTOM/slam_bot/install/my_bot/share/my_bot/config/empty.yaml
[6.403s] -- Symlinking: /Users/aaditya/ALSTOM/slam_bot/install/my_bot/share/my_bot/description/robot.urdf.xacro
[6.408s] -- Symlinking: /Users/aaditya/ALSTOM/slam_bot/install/my_bot/share/my_bot/launch/rsp.launch.py
[6.414s] -- Symlinking: /Users/aaditya/ALSTOM/slam_bot/install/my_bot/share/my_bot/worlds/empty.world
[6.420s] -- Symlinking: /Users/aaditya/ALSTOM/slam_bot/install/my_bot/share/ament_index/resource_index/package_run_dependencies/my_bot
[6.426s] -- Symlinking: /Users/aaditya/ALSTOM/slam_bot/install/my_bot/share/ament_index/resource_index/parent_prefix_path/my_bot
[6.431s] -- Symlinking: /Users/aaditya/ALSTOM/slam_bot/install/my_bot/share/my_bot/environment/ament_prefix_path.sh
[6.437s] -- Symlinking: /Users/aaditya/ALSTOM/slam_bot/install/my_bot/share/my_bot/environment/ament_prefix_path.dsv
[6.442s] -- Symlinking: /Users/aaditya/ALSTOM/slam_bot/install/my_bot/share/my_bot/environment/path.sh
[6.449s] -- Symlinking: /Users/aaditya/ALSTOM/slam_bot/install/my_bot/share/my_bot/environment/path.dsv
[6.456s] -- Symlinking: /Users/aaditya/ALSTOM/slam_bot/install/my_bot/share/my_bot/local_setup.bash
[6.462s] -- Symlinking: /Users/aaditya/ALSTOM/slam_bot/install/my_bot/share/my_bot/local_setup.sh
[6.467s] -- Symlinking: /Users/aaditya/ALSTOM/slam_bot/install/my_bot/share/my_bot/local_setup.zsh
[6.472s] -- Symlinking: /Users/aaditya/ALSTOM/slam_bot/install/my_bot/share/my_bot/local_setup.dsv
[6.477s] -- Symlinking: /Users/aaditya/ALSTOM/slam_bot/install/my_bot/share/my_bot/package.dsv
[6.483s] -- Symlinking: /Users/aaditya/ALSTOM/slam_bot/install/my_bot/share/ament_index/resource_index/packages/my_bot
[6.489s] -- Symlinking: /Users/aaditya/ALSTOM/slam_bot/install/my_bot/share/my_bot/cmake/my_botConfig.cmake
[6.494s] -- Symlinking: /Users/aaditya/ALSTOM/slam_bot/install/my_bot/share/my_bot/cmake/my_botConfig-version.cmake
[6.499s] -- Symlinking: /Users/aaditya/ALSTOM/slam_bot/install/my_bot/share/my_bot/package.xml
[6.506s] Invoked command in '/Users/aaditya/ALSTOM/slam_bot/build/my_bot' returned '0': SHLVL=2 _=/usr/bin/env /opt/homebrew/bin/cmake --install /Users/aaditya/ALSTOM/slam_bot/build/my_bot
